[2018-05-11 16:30:43,960] icn_head.py [line:67] INFO: 
###ICN PACKET###
# src guid: c11e70000000000000000000000c11e7
# dst_guid: 92500000000000000000000000000925
# service type: 00
# header length: 36
# header checksum: 0387
# tlv: 
# payload: 0131313131313030303030303030303030303030303030303030303032323232323131323233333434
# payload_len: 41 Bytes
################
[2018-05-11 16:30:44,476] icn_head.py [line:67] INFO: 
###ICN PACKET###
# src guid: 92500000000000000000000000000925
# dst_guid: c11e70000000000000000000000c11e7
# service type: 00
# header length: 36
# header checksum: 0387
# tlv: 
# payload: 02111100000000000000000000002222211201
# payload_len: 19 Bytes
################
[2018-05-11 16:32:15,776] icn_head.py [line:67] INFO: 
###ICN PACKET###
# src guid: c11e70000000000000000000000c11e7
# dst_guid: 92500000000000000000000000000925
# service type: 00
# header length: 36
# header checksum: 0387
# tlv: 
# payload: 0131313131313030303030303030303030303030303030303030303032323232323131323233333434
# payload_len: 41 Bytes
################
[2018-05-11 16:32:15,846] icn_head.py [line:67] INFO: 
###ICN PACKET###
# src guid: 92500000000000000000000000000925
# dst_guid: c11e70000000000000000000000c11e7
# service type: 00
# header length: 36
# header checksum: 0387
# tlv: 
# payload: 02111100000000000000000000002222211201
# payload_len: 19 Bytes
################
[2018-05-11 16:35:06,867] icn_head.py [line:67] INFO: 
###ICN PACKET###
# src guid: c11e70000000000000000000000c11e7
# dst_guid: 92500000000000000000000000000925
# service type: 00
# header length: 36
# header checksum: 0387
# tlv: 
# payload: 011111100000000000000000000002222211223344
# payload_len: 21 Bytes
################
[2018-05-11 16:35:07,868] gnrs_client.py [line:33] ERROR: Timeout
[2018-05-11 16:36:49,252] icn_head.py [line:67] INFO: 
###ICN PACKET###
# src guid: c11e70000000000000000000000c11e7
# dst_guid: 92500000000000000000000000000925
# service type: 00
# header length: 36
# header checksum: 0387
# tlv: 
# payload: 011111100000000000000000000002222211223344
# payload_len: 21 Bytes
################
[2018-05-11 16:36:50,254] gnrs_client.py [line:33] ERROR: Timeout
[2018-05-11 16:37:16,842] icn_head.py [line:67] INFO: 
###ICN PACKET###
# src guid: c11e70000000000000000000000c11e7
# dst_guid: 92500000000000000000000000000925
# service type: 00
# header length: 36
# header checksum: 0387
# tlv: 
# payload: 011111100000000000000000000002222211223344
# payload_len: 21 Bytes
################
[2018-05-11 16:37:17,844] gnrs_client.py [line:33] ERROR: Timeout
[2018-05-11 16:37:34,528] icn_head.py [line:67] INFO: 
###ICN PACKET###
# src guid: c11e70000000000000000000000c11e7
# dst_guid: 92500000000000000000000000000925
# service type: 00
# header length: 36
# header checksum: 0387
# tlv: 
# payload: 011111100000000000000000000002222211223344
# payload_len: 21 Bytes
################
[2018-05-11 16:37:35,530] gnrs_client.py [line:33] ERROR: Timeout
[2018-05-11 16:38:48,706] icn_head.py [line:67] INFO: 
###ICN PACKET###
# src guid: c11e70000000000000000000000c11e7
# dst_guid: 92500000000000000000000000000925
# service type: 00
# header length: 36
# header checksum: 0387
# tlv: 
# payload: 011111100000000000000000000002222211223344
# payload_len: 21 Bytes
################
[2018-05-11 16:38:49,708] gnrs_client.py [line:33] ERROR: Timeout
[2018-05-11 16:39:57,959] icn_head.py [line:67] INFO: 
###ICN PACKET###
# src guid: c11e70000000000000000000000c11e7
# dst_guid: 92500000000000000000000000000925
# service type: 00
# header length: 36
# header checksum: 0387
# tlv: 
# payload: 011111100000000000000000000002222211223344
# payload_len: 21 Bytes
################
[2018-05-11 16:39:58,960] gnrs_client.py [line:33] ERROR: Timeout
[2018-05-11 16:41:32,792] icn_head.py [line:67] INFO: 
###ICN PACKET###
# src guid: c11e70000000000000000000000c11e7
# dst_guid: 92500000000000000000000000000925
# service type: 00
# header length: 36
# header checksum: 0387
# tlv: 
# payload: 011111100000000000000000000002222211223344
# payload_len: 21 Bytes
################
[2018-05-11 16:41:32,806] icn_head.py [line:67] INFO: 
###ICN PACKET###
# src guid: 92500000000000000000000000000925
# dst_guid: c11e70000000000000000000000c11e7
# service type: 00
# header length: 36
# header checksum: 0387
# tlv: 
# payload: 021110000000000000000000000222221122334401
# payload_len: 21 Bytes
################
[2018-05-11 16:41:47,008] icn_head.py [line:67] INFO: 
###ICN PACKET###
# src guid: c11e70000000000000000000000c11e7
# dst_guid: 92500000000000000000000000000925
# service type: 00
# header length: 36
# header checksum: 0387
# tlv: 
# payload: 011111100000000000000000000002222311223344
# payload_len: 21 Bytes
################
[2018-05-11 16:41:47,012] icn_head.py [line:67] INFO: 
###ICN PACKET###
# src guid: 92500000000000000000000000000925
# dst_guid: c11e70000000000000000000000c11e7
# service type: 00
# header length: 36
# header checksum: 0387
# tlv: 
# payload: 021110000000000000000000000222231122334401
# payload_len: 21 Bytes
################
[2018-05-11 16:42:29,610] icn_head.py [line:67] INFO: 
###ICN PACKET###
# src guid: c11e70000000000000000000000c11e7
# dst_guid: 92500000000000000000000000000925
# service type: 00
# header length: 36
# header checksum: 0387
# tlv: 
# payload: 011111100000000000000000000002222211223344
# payload_len: 21 Bytes
################
[2018-05-11 16:42:29,614] icn_head.py [line:67] INFO: 
###ICN PACKET###
# src guid: 92500000000000000000000000000925
# dst_guid: c11e70000000000000000000000c11e7
# service type: 00
# header length: 36
# header checksum: 0387
# tlv: 
# payload: 021110000000000000000000000222221122334401
# payload_len: 21 Bytes
################
[2018-05-11 16:43:06,818] icn_head.py [line:67] INFO: 
###ICN PACKET###
# src guid: c11e70000000000000000000000c11e7
# dst_guid: 92500000000000000000000000000925
# service type: 00
# header length: 36
# header checksum: 0387
# tlv: 
# payload: 011111100000000000000000000002222211223344
# payload_len: 21 Bytes
################
[2018-05-11 16:43:06,822] icn_head.py [line:67] INFO: 
###ICN PACKET###
# src guid: 92500000000000000000000000000925
# dst_guid: c11e70000000000000000000000c11e7
# service type: 00
# header length: 36
# header checksum: 0387
# tlv: 
# payload: 021110000000000000000000000222221122334401
# payload_len: 21 Bytes
################
[2018-05-11 16:44:19,290] icn_head.py [line:67] INFO: 
###ICN PACKET###
# src guid: c11e70000000000000000000000c11e7
# dst_guid: 92500000000000000000000000000925
# service type: 00
# header length: 36
# header checksum: 0387
# tlv: 
# payload: 011111100000000000000000000002222211223344
# payload_len: 21 Bytes
################
[2018-05-11 16:44:19,294] icn_head.py [line:67] INFO: 
###ICN PACKET###
# src guid: 92500000000000000000000000000925
# dst_guid: c11e70000000000000000000000c11e7
# service type: 00
# header length: 36
# header checksum: 0387
# tlv: 
# payload: 021110000000000000000000000222221122334401
# payload_len: 21 Bytes
################
[2018-05-11 16:44:50,158] icn_head.py [line:67] INFO: 
###ICN PACKET###
# src guid: c11e70000000000000000000000c11e7
# dst_guid: 92500000000000000000000000000925
# service type: 00
# header length: 36
# header checksum: 0387
# tlv: 
# payload: 011111100000000000000000000002222211223344
# payload_len: 21 Bytes
################
[2018-05-11 16:44:50,162] icn_head.py [line:67] INFO: 
###ICN PACKET###
# src guid: 92500000000000000000000000000925
# dst_guid: c11e70000000000000000000000c11e7
# service type: 00
# header length: 36
# header checksum: 0387
# tlv: 
# payload: 021110000000000000000000000222221122334401
# payload_len: 21 Bytes
################
[2018-05-11 16:45:11,592] icn_head.py [line:67] INFO: 
###ICN PACKET###
# src guid: c11e70000000000000000000000c11e7
# dst_guid: 92500000000000000000000000000925
# service type: 00
# header length: 36
# header checksum: 0387
# tlv: 
# payload: 011111100000000000000000000002222211223344
# payload_len: 21 Bytes
################
[2018-05-11 16:45:11,597] icn_head.py [line:67] INFO: 
###ICN PACKET###
# src guid: 92500000000000000000000000000925
# dst_guid: c11e70000000000000000000000c11e7
# service type: 00
# header length: 36
# header checksum: 0387
# tlv: 
# payload: 021111100000000000000000000002222201
# payload_len: 18 Bytes
################
[2018-05-11 16:45:23,356] icn_head.py [line:67] INFO: 
###ICN PACKET###
# src guid: c11e70000000000000000000000c11e7
# dst_guid: 92500000000000000000000000000925
# service type: 00
# header length: 36
# header checksum: 0387
# tlv: 
# payload: 011111100000000000000000000002222211223344
# payload_len: 21 Bytes
################
[2018-05-11 16:45:23,360] icn_head.py [line:67] INFO: 
###ICN PACKET###
# src guid: 92500000000000000000000000000925
# dst_guid: c11e70000000000000000000000c11e7
# service type: 00
# header length: 36
# header checksum: 0387
# tlv: 
# payload: 021111100000000000000000000002222201
# payload_len: 18 Bytes
################
[2018-05-11 16:45:48,787] icn_head.py [line:67] INFO: 
###ICN PACKET###
# src guid: 92500000000000000000000000000925
# dst_guid: c11e70000000000000000000000c11e7
# service type: 00
# header length: 36
# header checksum: 0387
# tlv: 
# payload: 0411100000000000000000000002222200000000
# payload_len: 20 Bytes
################
[2018-05-11 16:46:37,251] icn_head.py [line:67] INFO: 
###ICN PACKET###
# src guid: c11e70000000000000000000000c11e7
# dst_guid: 92500000000000000000000000000925
# service type: 00
# header length: 36
# header checksum: 0387
# tlv: 
# payload: 011111100000000000000000000002222211223344
# payload_len: 21 Bytes
################
[2018-05-11 16:46:37,254] icn_head.py [line:67] INFO: 
###ICN PACKET###
# src guid: 92500000000000000000000000000925
# dst_guid: c11e70000000000000000000000c11e7
# service type: 00
# header length: 36
# header checksum: 0387
# tlv: 
# payload: 021111100000000000000000000002222201
# payload_len: 18 Bytes
################
[2018-05-11 16:46:43,006] icn_head.py [line:67] INFO: 
###ICN PACKET###
# src guid: 92500000000000000000000000000925
# dst_guid: c11e70000000000000000000000c11e7
# service type: 00
# header length: 36
# header checksum: 0387
# tlv: 
# payload: 041111100000000000000000000002222211223344
# payload_len: 21 Bytes
################
[2018-05-11 16:46:50,410] icn_head.py [line:67] INFO: 
###ICN PACKET###
# src guid: 92500000000000000000000000000925
# dst_guid: c11e70000000000000000000000c11e7
# service type: 00
# header length: 36
# header checksum: 0387
# tlv: 
# payload: 041111100000000000000000000002222300000000
# payload_len: 21 Bytes
################
[2018-05-11 16:46:55,532] icn_head.py [line:67] INFO: 
###ICN PACKET###
# src guid: 92500000000000000000000000000925
# dst_guid: c11e70000000000000000000000c11e7
# service type: 00
# header length: 36
# header checksum: 0387
# tlv: 
# payload: 041111100000000000000000000002222211223344
# payload_len: 21 Bytes
################
[2018-05-11 16:47:14,877] icn_head.py [line:67] INFO: 
###ICN PACKET###
# src guid: c11e70000000000000000000000c11e7
# dst_guid: 92500000000000000000000000000925
# service type: 00
# header length: 36
# header checksum: 0387
# tlv: 
# payload: 011111100000000000000000000002222211223344
# payload_len: 21 Bytes
################
[2018-05-11 16:47:14,881] icn_head.py [line:67] INFO: 
###ICN PACKET###
# src guid: 92500000000000000000000000000925
# dst_guid: c11e70000000000000000000000c11e7
# service type: 00
# header length: 36
# header checksum: 0387
# tlv: 
# payload: 021111100000000000000000000002222201
# payload_len: 18 Bytes
################
[2018-05-11 16:47:18,928] icn_head.py [line:67] INFO: 
###ICN PACKET###
# src guid: c11e70000000000000000000000c11e7
# dst_guid: 92500000000000000000000000000925
# service type: 00
# header length: 36
# header checksum: 0387
# tlv: 
# payload: 011111100000000000000000000002222211223344
# payload_len: 21 Bytes
################
[2018-05-11 16:47:18,932] icn_head.py [line:67] INFO: 
###ICN PACKET###
# src guid: 92500000000000000000000000000925
# dst_guid: c11e70000000000000000000000c11e7
# service type: 00
# header length: 36
# header checksum: 0387
# tlv: 
# payload: 021111100000000000000000000002222201
# payload_len: 18 Bytes
################
